<?xml version="1.0" encoding="UTF-8"?>
<!-- Generated by org.testng.reporters.JUnitXMLReporter -->
<testsuite ignored="0" hostname="DESKTOP-1TEK3UD" failures="1" tests="4" name="Test" time="0.113" errors="0" timestamp="2022-06-26T15:28:55 IST">
  <testcase classname="testNGListener.PuneTest" name="ShivajiNagar" time="0.017">
    <failure type="java.lang.AssertionError" message="null">
      <![CDATA[java.lang.AssertionError: null
at testNGListener.PuneTest.ShivajiNagar(PuneTest.java:12)
at java.base/java.util.ArrayList.forEach(ArrayList.java:1511)
... Removed 29 stack frames]]>
    </failure>
  </testcase> <!-- ShivajiNagar -->
  <testcase classname="testNGListener.PuneTest" name="Swargate" time="0.002"/>
  <testcase classname="testNGListener.MumbaiTest" name="Thane" time="0.002"/>
  <testcase classname="testNGListener.MumbaiTest" name="kalyan" time="0.002"/>
</testsuite> <!-- Test -->
