<?xml version="1.0" encoding="UTF-8"?>
<!-- Generated by org.testng.reporters.JUnitXMLReporter -->
<testsuite ignored="4" hostname="DESKTOP-1TEK3UD" failures="0" tests="1" name="Test(failed)" time="0.125" errors="0" timestamp="2022-06-14T14:49:25 IST">
  <testcase classname="TestNGXMLStudy.MyTest4" name="myMethod6" time="0.022"/>
  <testcase classname="TestNGXMLStudy.MyTest4" name="myMethod10" time="0.0">
    <ignored/>
  </testcase> <!-- myMethod10 -->
  <testcase classname="TestNGXMLStudy.MyTest4" name="myMethod9" time="0.0">
    <ignored/>
  </testcase> <!-- myMethod9 -->
  <testcase classname="TestNGXMLStudy.MyTest4" name="myMethod7" time="0.0">
    <ignored/>
  </testcase> <!-- myMethod7 -->
  <testcase classname="TestNGXMLStudy.MyTest4" name="myMethod8" time="0.0">
    <ignored/>
  </testcase> <!-- myMethod8 -->
</testsuite> <!-- Test(failed) -->
